<?xml version="1.0" encoding="UTF-8"?>
<!-- Generated by org.testng.reporters.JUnitReportReporter -->
<testsuite hostname="DESKTOP-QI6H2EA" failures="0" tests="3" name="tests.LoginTest" time="20.575" errors="0" timestamp="2025-11-22T13:07:42 CET" skipped="0">
  <testcase classname="tests.LoginTest" name="validLogin_standardUser" time="8.045"/>
  <testcase classname="tests.LoginTest" name="invalidLogin_wrongPassword" time="6.778"/>
  <testcase classname="tests.LoginTest" name="validLogin_problemUser" time="5.752"/>
</testsuite> <!-- tests.LoginTest -->
