<?xml version="1.0" encoding="UTF-8"?>
<testng-results ignored="0" total="7" passed="3" failed="4" skipped="0">
  <reporter-output>
  </reporter-output>
  <suite started-at="2025-11-22T13:06:55 CET" name="SauceDemo Login Suite" finished-at="2025-11-22T13:07:42 CET" duration-ms="46329">
    <groups>
    </groups>
    <test started-at="2025-11-22T13:06:55 CET" name="Login Tests" finished-at="2025-11-22T13:07:42 CET" duration-ms="46329">
      <class name="tests.LoginTest">
        <test-method is-config="true" signature="setUp()[pri:0, instance:tests.LoginTest@61862a7f]" started-at="2025-11-22T13:06:55 CET" name="setUp" finished-at="2025-11-22T13:07:03 CET" duration-ms="7284" status="PASS">
          <reporter-output>
          </reporter-output>
        </test-method> <!-- setUp -->
        <test-method signature="invalidLogin_wrongPassword()[pri:0, instance:tests.LoginTest@61862a7f]" started-at="2025-11-22T13:07:03 CET" name="invalidLogin_wrongPassword" finished-at="2025-11-22T13:07:03 CET" duration-ms="550" status="PASS">
          <reporter-output>
          </reporter-output>
        </test-method> <!-- invalidLogin_wrongPassword -->
        <test-method is-config="true" signature="tearDown(org.testng.ITestResult)[pri:0, instance:tests.LoginTest@61862a7f]" started-at="2025-11-22T13:07:03 CET" name="tearDown" finished-at="2025-11-22T13:07:03 CET" duration-ms="295" status="PASS">
          <params>
            <param index="0">
              <value>
                <![CDATA[[TestResult name=invalidLogin_wrongPassword status=SUCCESS method=LoginTest.invalidLogin_wrongPassword()[pri:0, instance:tests.LoginTest@61862a7f] output={null}]]]>
              </value>
            </param>
          </params>
          <reporter-output>
          </reporter-output>
        </test-method> <!-- tearDown -->
        <test-method is-config="true" signature="setUp()[pri:0, instance:tests.LoginTest@61862a7f]" started-at="2025-11-22T13:07:03 CET" name="setUp" finished-at="2025-11-22T13:07:09 CET" duration-ms="5933" status="PASS">
          <reporter-output>
          </reporter-output>
        </test-method> <!-- setUp -->
        <test-method signature="validLogin_problemUser()[pri:0, instance:tests.LoginTest@61862a7f]" started-at="2025-11-22T13:07:09 CET" name="validLogin_problemUser" finished-at="2025-11-22T13:07:10 CET" duration-ms="499" status="PASS">
          <reporter-output>
          </reporter-output>
        </test-method> <!-- validLogin_problemUser -->
        <test-method is-config="true" signature="tearDown(org.testng.ITestResult)[pri:0, instance:tests.LoginTest@61862a7f]" started-at="2025-11-22T13:07:10 CET" name="tearDown" finished-at="2025-11-22T13:07:10 CET" duration-ms="302" status="PASS">
          <params>
            <param index="0">
              <value>
                <![CDATA[[TestResult name=validLogin_problemUser status=SUCCESS method=LoginTest.validLogin_problemUser()[pri:0, instance:tests.LoginTest@61862a7f] output={null}]]]>
              </value>
            </param>
          </params>
          <reporter-output>
          </reporter-output>
        </test-method> <!-- tearDown -->
        <test-method is-config="true" signature="setUp()[pri:0, instance:tests.LoginTest@61862a7f]" started-at="2025-11-22T13:07:10 CET" name="setUp" finished-at="2025-11-22T13:07:15 CET" duration-ms="4784" status="PASS">
          <reporter-output>
          </reporter-output>
        </test-method> <!-- setUp -->
        <test-method signature="validLogin_standardUser()[pri:0, instance:tests.LoginTest@61862a7f]" started-at="2025-11-22T13:07:15 CET" name="validLogin_standardUser" finished-at="2025-11-22T13:07:15 CET" duration-ms="459" status="PASS">
          <reporter-output>
          </reporter-output>
        </test-method> <!-- validLogin_standardUser -->
        <test-method is-config="true" signature="tearDown(org.testng.ITestResult)[pri:0, instance:tests.LoginTest@61862a7f]" started-at="2025-11-22T13:07:15 CET" name="tearDown" finished-at="2025-11-22T13:07:16 CET" duration-ms="469" status="PASS">
          <params>
            <param index="0">
              <value>
                <![CDATA[[TestResult name=validLogin_standardUser status=SUCCESS method=LoginTest.validLogin_standardUser()[pri:0, instance:tests.LoginTest@61862a7f] output={null}]]]>
              </value>
            </param>
          </params>
          <reporter-output>
          </reporter-output>
        </test-method> <!-- tearDown -->
      </class> <!-- tests.LoginTest -->
      <class name="tests.ProblemUserBugTests">
        <test-method is-config="true" signature="setUp()[pri:0, instance:tests.ProblemUserBugTests@158d2680]" started-at="2025-11-22T13:07:16 CET" name="setUp" finished-at="2025-11-22T13:07:20 CET" duration-ms="4107" status="PASS">
          <reporter-output>
          </reporter-output>
        </test-method> <!-- setUp -->
        <test-method signature="TC017_removeProductFromCartFails()[pri:0, instance:tests.ProblemUserBugTests@158d2680]" started-at="2025-11-22T13:07:20 CET" name="TC017_removeProductFromCartFails" finished-at="2025-11-22T13:07:22 CET" duration-ms="2350" status="FAIL">
          <exception class="java.lang.AssertionError">
            <message>
              <![CDATA[Bug observed: Product was not removed from cart (problem_user). expected [true] but found [false]]]>
            </message>
            <full-stacktrace>
              <![CDATA[java.lang.AssertionError: Bug observed: Product was not removed from cart (problem_user). expected [true] but found [false]
at org.testng.Assert.fail(Assert.java:111)
at org.testng.Assert.failNotEquals(Assert.java:1590)
at org.testng.Assert.assertTrue(Assert.java:57)
at tests.ProblemUserBugTests.TC017_removeProductFromCartFails(ProblemUserBugTests.java:48)
at java.base/jdk.internal.reflect.DirectMethodHandleAccessor.invoke(DirectMethodHandleAccessor.java:104)
at java.base/java.lang.reflect.Method.invoke(Method.java:565)
at org.testng.internal.invokers.MethodInvocationHelper.invokeMethod(MethodInvocationHelper.java:141)
at org.testng.internal.invokers.TestInvoker.invokeMethod(TestInvoker.java:687)
at org.testng.internal.invokers.TestInvoker.invokeTestMethod(TestInvoker.java:230)
at org.testng.internal.invokers.MethodRunner.runInSequence(MethodRunner.java:63)
at org.testng.internal.invokers.TestInvoker$MethodInvocationAgent.invoke(TestInvoker.java:995)
at org.testng.internal.invokers.TestInvoker.invokeTestMethods(TestInvoker.java:203)
at org.testng.internal.invokers.TestMethodWorker.invokeTestMethods(TestMethodWorker.java:154)
at org.testng.internal.invokers.TestMethodWorker.run(TestMethodWorker.java:134)
at java.base/java.util.ArrayList.forEach(ArrayList.java:1604)
at org.testng.TestRunner.privateRun(TestRunner.java:741)
at org.testng.TestRunner.run(TestRunner.java:616)
at org.testng.SuiteRunner.runTest(SuiteRunner.java:421)
at org.testng.SuiteRunner.runSequentially(SuiteRunner.java:413)
at org.testng.SuiteRunner.privateRun(SuiteRunner.java:373)
at org.testng.SuiteRunner.run(SuiteRunner.java:312)
at org.testng.SuiteRunnerWorker.runSuite(SuiteRunnerWorker.java:52)
at org.testng.SuiteRunnerWorker.run(SuiteRunnerWorker.java:95)
at org.testng.TestNG.runSuitesSequentially(TestNG.java:1274)
at org.testng.TestNG.runSuitesLocally(TestNG.java:1208)
at org.testng.TestNG.runSuites(TestNG.java:1112)
at org.testng.TestNG.run(TestNG.java:1079)
at com.intellij.rt.testng.IDEARemoteTestNG.run(IDEARemoteTestNG.java:65)
at com.intellij.rt.testng.RemoteTestNGStarter.main(RemoteTestNGStarter.java:105)
]]>
            </full-stacktrace>
          </exception> <!-- java.lang.AssertionError -->
          <reporter-output>
          </reporter-output>
        </test-method> <!-- TC017_removeProductFromCartFails -->
        <test-method is-config="true" signature="tearDown(org.testng.ITestResult)[pri:0, instance:tests.ProblemUserBugTests@158d2680]" started-at="2025-11-22T13:07:22 CET" name="tearDown" finished-at="2025-11-22T13:07:23 CET" duration-ms="478" status="PASS">
          <params>
            <param index="0">
              <value>
                <![CDATA[[TestResult name=TC017_removeProductFromCartFails status=FAILURE method=ProblemUserBugTests.TC017_removeProductFromCartFails()[pri:0, instance:tests.ProblemUserBugTests@158d2680] output={null}]]]>
              </value>
            </param>
          </params>
          <reporter-output>
          </reporter-output>
        </test-method> <!-- tearDown -->
        <test-method is-config="true" signature="setUp()[pri:0, instance:tests.ProblemUserBugTests@158d2680]" started-at="2025-11-22T13:07:23 CET" name="setUp" finished-at="2025-11-22T13:07:28 CET" duration-ms="5120" status="PASS">
          <reporter-output>
          </reporter-output>
        </test-method> <!-- setUp -->
        <test-method signature="TC018_productDetailsIncorrect()[pri:0, instance:tests.ProblemUserBugTests@158d2680]" started-at="2025-11-22T13:07:28 CET" name="TC018_productDetailsIncorrect" finished-at="2025-11-22T13:07:29 CET" duration-ms="812" status="FAIL">
          <exception class="java.lang.AssertionError">
            <message>
              <![CDATA[Bug: Product details do not match the product clicked (problem_user). expected [Sauce Labs Backpack] but found [Sauce Labs Fleece Jacket]]]>
            </message>
            <full-stacktrace>
              <![CDATA[java.lang.AssertionError: Bug: Product details do not match the product clicked (problem_user). expected [Sauce Labs Backpack] but found [Sauce Labs Fleece Jacket]
at org.testng.Assert.fail(Assert.java:111)
at org.testng.Assert.failNotEquals(Assert.java:1590)
at org.testng.Assert.assertEqualsImpl(Assert.java:150)
at org.testng.Assert.assertEquals(Assert.java:132)
at org.testng.Assert.assertEquals(Assert.java:656)
at tests.ProblemUserBugTests.TC018_productDetailsIncorrect(ProblemUserBugTests.java:75)
at java.base/jdk.internal.reflect.DirectMethodHandleAccessor.invoke(DirectMethodHandleAccessor.java:104)
at java.base/java.lang.reflect.Method.invoke(Method.java:565)
at org.testng.internal.invokers.MethodInvocationHelper.invokeMethod(MethodInvocationHelper.java:141)
at org.testng.internal.invokers.TestInvoker.invokeMethod(TestInvoker.java:687)
at org.testng.internal.invokers.TestInvoker.invokeTestMethod(TestInvoker.java:230)
at org.testng.internal.invokers.MethodRunner.runInSequence(MethodRunner.java:63)
at org.testng.internal.invokers.TestInvoker$MethodInvocationAgent.invoke(TestInvoker.java:995)
at org.testng.internal.invokers.TestInvoker.invokeTestMethods(TestInvoker.java:203)
at org.testng.internal.invokers.TestMethodWorker.invokeTestMethods(TestMethodWorker.java:154)
at org.testng.internal.invokers.TestMethodWorker.run(TestMethodWorker.java:134)
at java.base/java.util.ArrayList.forEach(ArrayList.java:1604)
at org.testng.TestRunner.privateRun(TestRunner.java:741)
at org.testng.TestRunner.run(TestRunner.java:616)
at org.testng.SuiteRunner.runTest(SuiteRunner.java:421)
at org.testng.SuiteRunner.runSequentially(SuiteRunner.java:413)
at org.testng.SuiteRunner.privateRun(SuiteRunner.java:373)
at org.testng.SuiteRunner.run(SuiteRunner.java:312)
at org.testng.SuiteRunnerWorker.runSuite(SuiteRunnerWorker.java:52)
at org.testng.SuiteRunnerWorker.run(SuiteRunnerWorker.java:95)
at org.testng.TestNG.runSuitesSequentially(TestNG.java:1274)
at org.testng.TestNG.runSuitesLocally(TestNG.java:1208)
at org.testng.TestNG.runSuites(TestNG.java:1112)
at org.testng.TestNG.run(TestNG.java:1079)
at com.intellij.rt.testng.IDEARemoteTestNG.run(IDEARemoteTestNG.java:65)
at com.intellij.rt.testng.RemoteTestNGStarter.main(RemoteTestNGStarter.java:105)
]]>
            </full-stacktrace>
          </exception> <!-- java.lang.AssertionError -->
          <reporter-output>
          </reporter-output>
        </test-method> <!-- TC018_productDetailsIncorrect -->
        <test-method is-config="true" signature="tearDown(org.testng.ITestResult)[pri:0, instance:tests.ProblemUserBugTests@158d2680]" started-at="2025-11-22T13:07:29 CET" name="tearDown" finished-at="2025-11-22T13:07:29 CET" duration-ms="465" status="PASS">
          <params>
            <param index="0">
              <value>
                <![CDATA[[TestResult name=TC018_productDetailsIncorrect status=FAILURE method=ProblemUserBugTests.TC018_productDetailsIncorrect()[pri:0, instance:tests.ProblemUserBugTests@158d2680] output={null}]]]>
              </value>
            </param>
          </params>
          <reporter-output>
          </reporter-output>
        </test-method> <!-- tearDown -->
        <test-method is-config="true" signature="setUp()[pri:0, instance:tests.ProblemUserBugTests@158d2680]" started-at="2025-11-22T13:07:29 CET" name="setUp" finished-at="2025-11-22T13:07:34 CET" duration-ms="4398" status="PASS">
          <reporter-output>
          </reporter-output>
        </test-method> <!-- setUp -->
        <test-method signature="TC019_allProductsSameImage()[pri:0, instance:tests.ProblemUserBugTests@158d2680]" started-at="2025-11-22T13:07:34 CET" name="TC019_allProductsSameImage" finished-at="2025-11-22T13:07:35 CET" duration-ms="1060" status="FAIL">
          <exception class="java.lang.AssertionError">
            <message>
              <![CDATA[UI Bug: All products displayed with the same image (problem_user).]]>
            </message>
            <full-stacktrace>
              <![CDATA[java.lang.AssertionError: UI Bug: All products displayed with the same image (problem_user).
at org.testng.Assert.fail(Assert.java:111)
at tests.ProblemUserBugTests.TC019_allProductsSameImage(ProblemUserBugTests.java:101)
at java.base/jdk.internal.reflect.DirectMethodHandleAccessor.invoke(DirectMethodHandleAccessor.java:104)
at java.base/java.lang.reflect.Method.invoke(Method.java:565)
at org.testng.internal.invokers.MethodInvocationHelper.invokeMethod(MethodInvocationHelper.java:141)
at org.testng.internal.invokers.TestInvoker.invokeMethod(TestInvoker.java:687)
at org.testng.internal.invokers.TestInvoker.invokeTestMethod(TestInvoker.java:230)
at org.testng.internal.invokers.MethodRunner.runInSequence(MethodRunner.java:63)
at org.testng.internal.invokers.TestInvoker$MethodInvocationAgent.invoke(TestInvoker.java:995)
at org.testng.internal.invokers.TestInvoker.invokeTestMethods(TestInvoker.java:203)
at org.testng.internal.invokers.TestMethodWorker.invokeTestMethods(TestMethodWorker.java:154)
at org.testng.internal.invokers.TestMethodWorker.run(TestMethodWorker.java:134)
at java.base/java.util.ArrayList.forEach(ArrayList.java:1604)
at org.testng.TestRunner.privateRun(TestRunner.java:741)
at org.testng.TestRunner.run(TestRunner.java:616)
at org.testng.SuiteRunner.runTest(SuiteRunner.java:421)
at org.testng.SuiteRunner.runSequentially(SuiteRunner.java:413)
at org.testng.SuiteRunner.privateRun(SuiteRunner.java:373)
at org.testng.SuiteRunner.run(SuiteRunner.java:312)
at org.testng.SuiteRunnerWorker.runSuite(SuiteRunnerWorker.java:52)
at org.testng.SuiteRunnerWorker.run(SuiteRunnerWorker.java:95)
at org.testng.TestNG.runSuitesSequentially(TestNG.java:1274)
at org.testng.TestNG.runSuitesLocally(TestNG.java:1208)
at org.testng.TestNG.runSuites(TestNG.java:1112)
at org.testng.TestNG.run(TestNG.java:1079)
at com.intellij.rt.testng.IDEARemoteTestNG.run(IDEARemoteTestNG.java:65)
at com.intellij.rt.testng.RemoteTestNGStarter.main(RemoteTestNGStarter.java:105)
]]>
            </full-stacktrace>
          </exception> <!-- java.lang.AssertionError -->
          <reporter-output>
          </reporter-output>
        </test-method> <!-- TC019_allProductsSameImage -->
        <test-method is-config="true" signature="tearDown(org.testng.ITestResult)[pri:0, instance:tests.ProblemUserBugTests@158d2680]" started-at="2025-11-22T13:07:35 CET" name="tearDown" finished-at="2025-11-22T13:07:35 CET" duration-ms="546" status="PASS">
          <params>
            <param index="0">
              <value>
                <![CDATA[[TestResult name=TC019_allProductsSameImage status=FAILURE method=ProblemUserBugTests.TC019_allProductsSameImage()[pri:0, instance:tests.ProblemUserBugTests@158d2680] output={null}]]]>
              </value>
            </param>
          </params>
          <reporter-output>
          </reporter-output>
        </test-method> <!-- tearDown -->
        <test-method is-config="true" signature="setUp()[pri:0, instance:tests.ProblemUserBugTests@158d2680]" started-at="2025-11-22T13:07:35 CET" name="setUp" finished-at="2025-11-22T13:07:40 CET" duration-ms="4959" status="PASS">
          <reporter-output>
          </reporter-output>
        </test-method> <!-- setUp -->
        <test-method signature="TC020_productSortingFails()[pri:0, instance:tests.ProblemUserBugTests@158d2680]" started-at="2025-11-22T13:07:40 CET" name="TC020_productSortingFails" finished-at="2025-11-22T13:07:41 CET" duration-ms="780" status="FAIL">
          <exception class="java.lang.AssertionError">
            <message>
              <![CDATA[Bug: Products not sorted correctly (problem_user). expected [true] but found [false]]]>
            </message>
            <full-stacktrace>
              <![CDATA[java.lang.AssertionError: Bug: Products not sorted correctly (problem_user). expected [true] but found [false]
at org.testng.Assert.fail(Assert.java:111)
at org.testng.Assert.failNotEquals(Assert.java:1590)
at org.testng.Assert.assertTrue(Assert.java:57)
at tests.ProblemUserBugTests.TC020_productSortingFails(ProblemUserBugTests.java:117)
at java.base/jdk.internal.reflect.DirectMethodHandleAccessor.invoke(DirectMethodHandleAccessor.java:104)
at java.base/java.lang.reflect.Method.invoke(Method.java:565)
at org.testng.internal.invokers.MethodInvocationHelper.invokeMethod(MethodInvocationHelper.java:141)
at org.testng.internal.invokers.TestInvoker.invokeMethod(TestInvoker.java:687)
at org.testng.internal.invokers.TestInvoker.invokeTestMethod(TestInvoker.java:230)
at org.testng.internal.invokers.MethodRunner.runInSequence(MethodRunner.java:63)
at org.testng.internal.invokers.TestInvoker$MethodInvocationAgent.invoke(TestInvoker.java:995)
at org.testng.internal.invokers.TestInvoker.invokeTestMethods(TestInvoker.java:203)
at org.testng.internal.invokers.TestMethodWorker.invokeTestMethods(TestMethodWorker.java:154)
at org.testng.internal.invokers.TestMethodWorker.run(TestMethodWorker.java:134)
at java.base/java.util.ArrayList.forEach(ArrayList.java:1604)
at org.testng.TestRunner.privateRun(TestRunner.java:741)
at org.testng.TestRunner.run(TestRunner.java:616)
at org.testng.SuiteRunner.runTest(SuiteRunner.java:421)
at org.testng.SuiteRunner.runSequentially(SuiteRunner.java:413)
at org.testng.SuiteRunner.privateRun(SuiteRunner.java:373)
at org.testng.SuiteRunner.run(SuiteRunner.java:312)
at org.testng.SuiteRunnerWorker.runSuite(SuiteRunnerWorker.java:52)
at org.testng.SuiteRunnerWorker.run(SuiteRunnerWorker.java:95)
at org.testng.TestNG.runSuitesSequentially(TestNG.java:1274)
at org.testng.TestNG.runSuitesLocally(TestNG.java:1208)
at org.testng.TestNG.runSuites(TestNG.java:1112)
at org.testng.TestNG.run(TestNG.java:1079)
at com.intellij.rt.testng.IDEARemoteTestNG.run(IDEARemoteTestNG.java:65)
at com.intellij.rt.testng.RemoteTestNGStarter.main(RemoteTestNGStarter.java:105)
]]>
            </full-stacktrace>
          </exception> <!-- java.lang.AssertionError -->
          <reporter-output>
          </reporter-output>
        </test-method> <!-- TC020_productSortingFails -->
        <test-method is-config="true" signature="tearDown(org.testng.ITestResult)[pri:0, instance:tests.ProblemUserBugTests@158d2680]" started-at="2025-11-22T13:07:41 CET" name="tearDown" finished-at="2025-11-22T13:07:42 CET" duration-ms="594" status="PASS">
          <params>
            <param index="0">
              <value>
                <![CDATA[[TestResult name=TC020_productSortingFails status=FAILURE method=ProblemUserBugTests.TC020_productSortingFails()[pri:0, instance:tests.ProblemUserBugTests@158d2680] output={null}]]]>
              </value>
            </param>
          </params>
          <reporter-output>
          </reporter-output>
        </test-method> <!-- tearDown -->
      </class> <!-- tests.ProblemUserBugTests -->
    </test> <!-- Login Tests -->
  </suite> <!-- SauceDemo Login Suite -->
</testng-results>
