<?xml version="1.0" encoding="UTF-8"?>
<!-- Generated by org.testng.reporters.JUnitXMLReporter -->
<testsuite ignored="0" hostname="DESKTOP-QI6H2EA" failures="4" tests="7" name="Login Tests" time="46.329" errors="0" timestamp="2025-11-22T13:07:42 CET">
  <testcase classname="tests.LoginTest" name="invalidLogin_wrongPassword" time="0.55"/>
  <testcase classname="tests.LoginTest" name="validLogin_problemUser" time="0.499"/>
  <testcase classname="tests.LoginTest" name="validLogin_standardUser" time="0.459"/>
  <testcase classname="tests.ProblemUserBugTests" name="TC017_removeProductFromCartFails" time="2.35">
    <failure type="java.lang.AssertionError" message="Bug observed: Product was not removed from cart (problem_user). expected [true] but found [false]">
      <![CDATA[java.lang.AssertionError: Bug observed: Product was not removed from cart (problem_user). expected [true] but found [false]
at tests.ProblemUserBugTests.TC017_removeProductFromCartFails(ProblemUserBugTests.java:48)
at java.base/java.util.ArrayList.forEach(ArrayList.java:1604)
at com.intellij.rt.testng.IDEARemoteTestNG.run(IDEARemoteTestNG.java:65)
at com.intellij.rt.testng.RemoteTestNGStarter.main(RemoteTestNGStarter.java:105)
... Removed 25 stack frames]]>
    </failure>
  </testcase> <!-- TC017_removeProductFromCartFails -->
  <testcase classname="tests.ProblemUserBugTests" name="TC018_productDetailsIncorrect" time="0.812">
    <failure type="java.lang.AssertionError" message="Bug: Product details do not match the product clicked (problem_user). expected [Sauce Labs Backpack] but found [Sauce Labs Fleece Jacket]">
      <![CDATA[java.lang.AssertionError: Bug: Product details do not match the product clicked (problem_user). expected [Sauce Labs Backpack] but found [Sauce Labs Fleece Jacket]
at tests.ProblemUserBugTests.TC018_productDetailsIncorrect(ProblemUserBugTests.java:75)
at java.base/java.util.ArrayList.forEach(ArrayList.java:1604)
at com.intellij.rt.testng.IDEARemoteTestNG.run(IDEARemoteTestNG.java:65)
at com.intellij.rt.testng.RemoteTestNGStarter.main(RemoteTestNGStarter.java:105)
... Removed 27 stack frames]]>
    </failure>
  </testcase> <!-- TC018_productDetailsIncorrect -->
  <testcase classname="tests.ProblemUserBugTests" name="TC019_allProductsSameImage" time="1.06">
    <failure type="java.lang.AssertionError" message="UI Bug: All products displayed with the same image (problem_user).">
      <![CDATA[java.lang.AssertionError: UI Bug: All products displayed with the same image (problem_user).
at tests.ProblemUserBugTests.TC019_allProductsSameImage(ProblemUserBugTests.java:101)
at java.base/java.util.ArrayList.forEach(ArrayList.java:1604)
at com.intellij.rt.testng.IDEARemoteTestNG.run(IDEARemoteTestNG.java:65)
at com.intellij.rt.testng.RemoteTestNGStarter.main(RemoteTestNGStarter.java:105)
... Removed 23 stack frames]]>
    </failure>
  </testcase> <!-- TC019_allProductsSameImage -->
  <testcase classname="tests.ProblemUserBugTests" name="TC020_productSortingFails" time="0.78">
    <failure type="java.lang.AssertionError" message="Bug: Products not sorted correctly (problem_user). expected [true] but found [false]">
      <![CDATA[java.lang.AssertionError: Bug: Products not sorted correctly (problem_user). expected [true] but found [false]
at tests.ProblemUserBugTests.TC020_productSortingFails(ProblemUserBugTests.java:117)
at java.base/java.util.ArrayList.forEach(ArrayList.java:1604)
at com.intellij.rt.testng.IDEARemoteTestNG.run(IDEARemoteTestNG.java:65)
at com.intellij.rt.testng.RemoteTestNGStarter.main(RemoteTestNGStarter.java:105)
... Removed 25 stack frames]]>
    </failure>
  </testcase> <!-- TC020_productSortingFails -->
</testsuite> <!-- Login Tests -->
